{"total": {"lines":{"total":348,"covered":264,"skipped":0,"pct":75.86},"statements":{"total":349,"covered":265,"skipped":0,"pct":75.93},"functions":{"total":41,"covered":30,"skipped":0,"pct":73.17},"branches":{"total":43,"covered":20,"skipped":0,"pct":46.51},"branchesTrue":{"total":0,"covered":0,"skipped":0,"pct":100}}
,"C:\\Users\\Erika\\Desktop\\repos\\my-brand-samuel-backend\\src\\app.ts": {"lines":{"total":12,"covered":12,"skipped":0,"pct":100},"functions":{"total":1,"covered":1,"skipped":0,"pct":100},"statements":{"total":12,"covered":12,"skipped":0,"pct":100},"branches":{"total":0,"covered":0,"skipped":0,"pct":100}}
,"C:\\Users\\Erika\\Desktop\\repos\\my-brand-samuel-backend\\src\\server.ts": {"lines":{"total":11,"covered":0,"skipped":0,"pct":0},"functions":{"total":3,"covered":0,"skipped":0,"pct":0},"statements":{"total":11,"covered":0,"skipped":0,"pct":0},"branches":{"total":0,"covered":0,"skipped":0,"pct":100}}
,"C:\\Users\\Erika\\Desktop\\repos\\my-brand-samuel-backend\\src\\controllers\\User.ts": {"lines":{"total":56,"covered":31,"skipped":0,"pct":55.35},"functions":{"total":6,"covered":4,"skipped":0,"pct":66.66},"statements":{"total":56,"covered":31,"skipped":0,"pct":55.35},"branches":{"total":9,"covered":5,"skipped":0,"pct":55.55}}
,"C:\\Users\\Erika\\Desktop\\repos\\my-brand-samuel-backend\\src\\controllers\\article.ts": {"lines":{"total":34,"covered":29,"skipped":0,"pct":85.29},"functions":{"total":5,"covered":5,"skipped":0,"pct":100},"statements":{"total":34,"covered":29,"skipped":0,"pct":85.29},"branches":{"total":6,"covered":3,"skipped":0,"pct":50}}
,"C:\\Users\\Erika\\Desktop\\repos\\my-brand-samuel-backend\\src\\controllers\\comments.ts": {"lines":{"total":29,"covered":14,"skipped":0,"pct":48.27},"functions":{"total":5,"covered":3,"skipped":0,"pct":60},"statements":{"total":29,"covered":14,"skipped":0,"pct":48.27},"branches":{"total":2,"covered":0,"skipped":0,"pct":0}}
,"C:\\Users\\Erika\\Desktop\\repos\\my-brand-samuel-backend\\src\\controllers\\message.ts": {"lines":{"total":24,"covered":21,"skipped":0,"pct":87.5},"functions":{"total":4,"covered":4,"skipped":0,"pct":100},"statements":{"total":24,"covered":21,"skipped":0,"pct":87.5},"branches":{"total":1,"covered":0,"skipped":0,"pct":0}}
,"C:\\Users\\Erika\\Desktop\\repos\\my-brand-samuel-backend\\src\\controllers\\projects.ts": {"lines":{"total":27,"covered":19,"skipped":0,"pct":70.37},"functions":{"total":5,"covered":4,"skipped":0,"pct":80},"statements":{"total":27,"covered":19,"skipped":0,"pct":70.37},"branches":{"total":4,"covered":2,"skipped":0,"pct":50}}
,"C:\\Users\\Erika\\Desktop\\repos\\my-brand-samuel-backend\\src\\middleware\\article.ts": {"lines":{"total":7,"covered":7,"skipped":0,"pct":100},"functions":{"total":1,"covered":1,"skipped":0,"pct":100},"statements":{"total":7,"covered":7,"skipped":0,"pct":100},"branches":{"total":1,"covered":1,"skipped":0,"pct":100}}
,"C:\\Users\\Erika\\Desktop\\repos\\my-brand-samuel-backend\\src\\middleware\\auth.ts": {"lines":{"total":30,"covered":19,"skipped":0,"pct":63.33},"functions":{"total":5,"covered":3,"skipped":0,"pct":60},"statements":{"total":30,"covered":19,"skipped":0,"pct":63.33},"branches":{"total":14,"covered":5,"skipped":0,"pct":35.71}}
,"C:\\Users\\Erika\\Desktop\\repos\\my-brand-samuel-backend\\src\\middleware\\comments.ts": {"lines":{"total":12,"covered":8,"skipped":0,"pct":66.66},"functions":{"total":2,"covered":1,"skipped":0,"pct":50},"statements":{"total":13,"covered":9,"skipped":0,"pct":69.23},"branches":{"total":2,"covered":1,"skipped":0,"pct":50}}
,"C:\\Users\\Erika\\Desktop\\repos\\my-brand-samuel-backend\\src\\middleware\\messages.ts": {"lines":{"total":7,"covered":7,"skipped":0,"pct":100},"functions":{"total":1,"covered":1,"skipped":0,"pct":100},"statements":{"total":7,"covered":7,"skipped":0,"pct":100},"branches":{"total":1,"covered":1,"skipped":0,"pct":100}}
,"C:\\Users\\Erika\\Desktop\\repos\\my-brand-samuel-backend\\src\\middleware\\projects.ts": {"lines":{"total":7,"covered":6,"skipped":0,"pct":85.71},"functions":{"total":1,"covered":1,"skipped":0,"pct":100},"statements":{"total":7,"covered":6,"skipped":0,"pct":85.71},"branches":{"total":1,"covered":1,"skipped":0,"pct":100}}
,"C:\\Users\\Erika\\Desktop\\repos\\my-brand-samuel-backend\\src\\middleware\\user.ts": {"lines":{"total":13,"covered":12,"skipped":0,"pct":92.3},"functions":{"total":2,"covered":2,"skipped":0,"pct":100},"statements":{"total":13,"covered":12,"skipped":0,"pct":92.3},"branches":{"total":2,"covered":1,"skipped":0,"pct":50}}
,"C:\\Users\\Erika\\Desktop\\repos\\my-brand-samuel-backend\\src\\models\\User.ts": {"lines":{"total":4,"covered":4,"skipped":0,"pct":100},"functions":{"total":0,"covered":0,"skipped":0,"pct":100},"statements":{"total":4,"covered":4,"skipped":0,"pct":100},"branches":{"total":0,"covered":0,"skipped":0,"pct":100}}
,"C:\\Users\\Erika\\Desktop\\repos\\my-brand-samuel-backend\\src\\models\\article.ts": {"lines":{"total":4,"covered":4,"skipped":0,"pct":100},"functions":{"total":0,"covered":0,"skipped":0,"pct":100},"statements":{"total":4,"covered":4,"skipped":0,"pct":100},"branches":{"total":0,"covered":0,"skipped":0,"pct":100}}
,"C:\\Users\\Erika\\Desktop\\repos\\my-brand-samuel-backend\\src\\models\\comments.ts": {"lines":{"total":4,"covered":4,"skipped":0,"pct":100},"functions":{"total":0,"covered":0,"skipped":0,"pct":100},"statements":{"total":4,"covered":4,"skipped":0,"pct":100},"branches":{"total":0,"covered":0,"skipped":0,"pct":100}}
,"C:\\Users\\Erika\\Desktop\\repos\\my-brand-samuel-backend\\src\\models\\messages.ts": {"lines":{"total":4,"covered":4,"skipped":0,"pct":100},"functions":{"total":0,"covered":0,"skipped":0,"pct":100},"statements":{"total":4,"covered":4,"skipped":0,"pct":100},"branches":{"total":0,"covered":0,"skipped":0,"pct":100}}
,"C:\\Users\\Erika\\Desktop\\repos\\my-brand-samuel-backend\\src\\models\\projects.ts": {"lines":{"total":4,"covered":4,"skipped":0,"pct":100},"functions":{"total":0,"covered":0,"skipped":0,"pct":100},"statements":{"total":4,"covered":4,"skipped":0,"pct":100},"branches":{"total":0,"covered":0,"skipped":0,"pct":100}}
,"C:\\Users\\Erika\\Desktop\\repos\\my-brand-samuel-backend\\src\\routes\\Users.ts": {"lines":{"total":12,"covered":12,"skipped":0,"pct":100},"functions":{"total":0,"covered":0,"skipped":0,"pct":100},"statements":{"total":12,"covered":12,"skipped":0,"pct":100},"branches":{"total":0,"covered":0,"skipped":0,"pct":100}}
,"C:\\Users\\Erika\\Desktop\\repos\\my-brand-samuel-backend\\src\\routes\\article.ts": {"lines":{"total":11,"covered":11,"skipped":0,"pct":100},"functions":{"total":0,"covered":0,"skipped":0,"pct":100},"statements":{"total":11,"covered":11,"skipped":0,"pct":100},"branches":{"total":0,"covered":0,"skipped":0,"pct":100}}
,"C:\\Users\\Erika\\Desktop\\repos\\my-brand-samuel-backend\\src\\routes\\comments.ts": {"lines":{"total":9,"covered":9,"skipped":0,"pct":100},"functions":{"total":0,"covered":0,"skipped":0,"pct":100},"statements":{"total":9,"covered":9,"skipped":0,"pct":100},"branches":{"total":0,"covered":0,"skipped":0,"pct":100}}
,"C:\\Users\\Erika\\Desktop\\repos\\my-brand-samuel-backend\\src\\routes\\index.ts": {"lines":{"total":6,"covered":6,"skipped":0,"pct":100},"functions":{"total":0,"covered":0,"skipped":0,"pct":100},"statements":{"total":6,"covered":6,"skipped":0,"pct":100},"branches":{"total":0,"covered":0,"skipped":0,"pct":100}}
,"C:\\Users\\Erika\\Desktop\\repos\\my-brand-samuel-backend\\src\\routes\\messages.ts": {"lines":{"total":10,"covered":10,"skipped":0,"pct":100},"functions":{"total":0,"covered":0,"skipped":0,"pct":100},"statements":{"total":10,"covered":10,"skipped":0,"pct":100},"branches":{"total":0,"covered":0,"skipped":0,"pct":100}}
,"C:\\Users\\Erika\\Desktop\\repos\\my-brand-samuel-backend\\src\\routes\\project.ts": {"lines":{"total":11,"covered":11,"skipped":0,"pct":100},"functions":{"total":0,"covered":0,"skipped":0,"pct":100},"statements":{"total":11,"covered":11,"skipped":0,"pct":100},"branches":{"total":0,"covered":0,"skipped":0,"pct":100}}
}
